node   1  (   0,    0) (  24,    3) (  66,    4) (  56,    8) (  18,    0) (  18,   24) (  18,   36) (  18,   16) (  18,   36) (  18,   18)
          (  18,   18) (  18,   18) (  18,   36) (  18,   54) (  18,    0) (  18,   18) (  18,   54) (  18,    0) (  18,    0) (  18,    0)
          (  18,   18) (  18,    0) (  18,   18) (  18,    0) (  18,   36) (  18,   18) (  18,   36) (  18,    0) (  18,   36) (  18,   18)
          (  18,    0) (  18,    0) (  18,    0) (  18,   18) (  18,    0) (  18,    0) (  18,    0) (  18,   18) (  18,   36) (  18,    0)
          (  18,   18) (  18,   18) (  18,   36) (  18,   36) (  18,   18) (  18,   36) (  18,   54) (  18,    0) (  18,    0) (  18,    0)
          (  18,    0) (  16,   36) (  18,    0) (  14,    0) (  14,    0) (  17,   17) (  15,   33) (  15,   16) (  17,   33) (  14,   17)
          (  17,   45) (  18,   32) (  16,    0) (  17,   51) (  14,   17) (  17,   34) (  17,    0) (  18,    0) (  16,   18) (  16,   31)
          (  18,   41) (  17,   13) (  16,    0) (  16,   68) (  14,    0) (  18,   33) (  18,   33) (  18,   32) (  15,    0) (  15,   15)
          (  18,   18) (  15,    0) (  14,   49) (  17,    0) (  15,   50) (  15,   16) (  16,    0) (  17,    0) (  15,    0) (  16,    0)
          (  15,   33) (  17,   14) (  16,    0) (  17,    0) (  16,   16) (  18,   30) (  17,   18) (  16,   47) (  13,   15) (  16,    0)
          (  17,   35) (  17,   18) (  16,   18) (  16,    0) (  16,   18) (  17,    0) (  18,    0) (  15,   16) (  16,    0) (  16,   16)
          (  17,   52) (  17,   16) (  16,   15) (  17,    0) (  16,    0) (  14,   49) (  15,   14) (  15,   15) (  16,   16) (  18,    0)
          (  17,    0) (  16,   15) (  18,   17) (  16,   28) (  15,    0) (  14,    0) (  13,    0) (  14,    0) (  16,    0) (  14,   16)
          (  16,   25) (  14,    0) (  15,    0) (  16,   15) (  15,   44) (  15,   14) (  15,    0) (  11,   13) (  15,    0) (  15,    0)
          (  14,   16) (  14,    0) (  13,   16) (  12,   14) (  15,    0) (  15,   41) (  15,    0) (  16,    0) (  14,   10) (  14,    0)
          (  16,    0) (  15,    0) (  14,   16) (  14,   16) (  16,   14) (  15,    0) (  14,   14) (  15,    0) (  13,   12) (  15,    0)
          (  16,   29) (  13,    0) (  13,   14) (  15,    0) (  14,   29) (  15,   30) (  15,   15) (  14,   29) (  13,    0) (  14,   16)
          (  15,   14) (  14,   29) (  14,   14) (  15,   14) (  15,   16) (  15,    0) (  15,   13) (  13,   32) (  14,   28) (  15,    0)
          (  16,   28) (  15,   16) (  13,   14) (  15,   28) (  16,   15) (  15,    0) (  16,   13) (  15,    0) (  14,   16) (  13,    0)
          (  16,   14) (  15,   16) (  13,   14) (  15,   14) (  14,    0) (  14,   16) (  16,    0) (  14,   29) (  14,    0) (  10,   31)
          (  12,    0) (  13,    0) (  15,   15) (  13,   29) (  14,   16) (  14,   14) (  13,   15) (  14,    0) (  15,    0) (  16,    0)
          (  14,   32) (  15,   15) (  16,    0) (  15,   16) (  14,    0) (  15,   12) (  15,    0) (  14,    0) (  14,    0) (  16,   42)
          (  14,   14) (  15,    0) (  16,   27) (  12,   13) (  14,   14) (  13,   14) (  13,   43) (  14,   13) (  15,   29) (  16,   42)
          (  13,   27) (  12,   15) (  14,    0) (  13,   16) (  14,   15) (  15,    0) (  14,   14) (  16,   14) (  15,    0) (  12,    0)
          (  14,   15) (  14,   28) (  14,   31) (  12,    0) (  14,   14) (  12,    0) (  13,   14) (  15,    0) (  11,   31) (  14,   28)
          (  14,   14) (  15,   15) (  14,    0) (  16,   14) (  16,    0) (  13,    0) (  14,    0) (  14,   15) (  14,   27) (  14,   14)
          (  15,   14) (  14,    0) (  11,   14) (  13,   16) (  14,   13) (  16,    0) (  14,    0) (  14,   16) (  16,   39) (  15,   13)
          (  15,   45) (  15,   16) (  15,    0) (  13,   15) (  15,   14) (  15,    0) (  14,   15) (  14,    0) (  14,   15) (  15,    0)
          (  15,   26) (  15,    0) (  12,   30) (  14,    0) (  14,   15) (  15,   14) (  13,    0) (  15,    0) (  14,   15) (  15,   28)
          (  16,   15) (  16,   15) (  16,   14) (  13,   14) (  15,    0) (  15,   56) (  14,   40) (  14,   40) (  15,    0) (  13,   14)
          (  15,   15) (  16,   26) (  16,   32) (  16,   16) (  16,    0) (  16,    0) (  16,   16) (  16,   16) (  16,    0) (  16,    0)
          (  16,   16) (  16,    0) (  16,    0) (  16,    0) (  16,   16) (  16,   16) (  16,   16) (  16,   16) (  16,    0) (  16,    0)
          (  16,   32) (  16,   32) (  16,    0) (  16,    0) (  16,   48) (  16,   32) (  16,    0) (  16,   16) (  16,   32) (  16,   32)
          (  16,   32) (  16,   16) (  16,    0) (  16,   16) (  16,   32) (  16,    0) (  16,   16) (  16,    0) (  16,   48) (  16,    0)
          (  16,   16) (  16,    0) (  16,    0) (  16,    0) (  16,    0) (  16,    0) (  16,   32) (  16,   16) (  16,   48) (  16,    0)
          (  16,   16) (  16,    0) (  16,   32) (  16,   48) (  16,    0) (  16,   48) (  16,   16) (  16,   16) (  16,   32) (  16,   16)
          (  16,   16) (  16,   32) (  16,    0) (  16,   16) (  16,   16) (  16,    0) (  16,   16) (  16,   32) (  16,    0) (  16,   16)
          (  16,    0) (  16,   32) (  16,   32) (  16,    0) (  16,    0) (  16,   16) (  16,   16) (  16,    0) (  16,   16) (  16,   16)
          (  16,   16) (  16,    0) (  16,    0) (  16,   16) (  16,    0) (  16,    0) (  16,   32) (  16,   16) (  16,    0) (  16,   32)
          (  16,    0) (  16,    0) (  16,   32) (  16,   32) (  16,   16) (  16,   16) (  16,   16) (  16,   16) (  16,    0) (  16,    0)
          (  16,   16) (  16,   16) (  16,   32) (  16,   64) (  16,    0) (  16,   32) (  16,    0) (  16,    0) (  16,   16) (  16,    0)
          (  16,   16) (  16,    0) (  16,    0) (  16,    0) (  16,    0) (  16,    0) (  16,   16) (  16,    0) (  16,   16) (  16,    0)
          (  16,    0) (  16,   16) (  16,    0) (  16,   16) (  16,    0) (  16,   48) (  16,   32) (  16,    0) (  16,   32) (  16,   16)
          (  16,    0) (  16,   16) (  16,   48) (  16,   16) (  16,   16) (  16,    0) (  16,   32) (  16,   16) (  16,    0) (  16,   16)
          (  16,   16) (  16,   16) (  16,   16) (  16,   48) (  16,   16) (  16,   48) (  16,    0) (  16,   16) (  16,    0) (  16,    0)
          (  16,    0) (  16,    0) (  16,    0) (  16,    0) (  16,   16) (  16,    0) (  16,    0) (  16,   32) (  16,   48) (  16,    0)
          (  16,    0) (  16,   16) (  16,   16) (  16,    0) (  16,    0) (  16,   32) (  16,   16) (  16,    0) (  16,   48) (  16,   32)
          (  16,   16) (  16,   48) (  16,   16) (  16,   32) (  16,   16) (  16,    0) (  16,    0) (  16,   16) (  16,    0) (  16,   32)
          (  16,   16) (  16,   32) (  16,   16) (  16,    0) (  16,    0) (  16,    0) (  16,    0) (  16,   16) (  16,   16) (  16,    0)
          (  16,   32) (  16,    0) (  16,    0) (  16,   16) (  16,   16) (  16,   16) (  16,    0) (  16,   32) (  16,    0) (  16,   32)
         
node   1 sent_total   7891  recv_total   7154

node   2  (   1,    0) (   0,    0) (   6,    8) (   6,    6) (  10,   10) (  10,    8) (  10,    8) (  10,    0) (  18,   34) (  18,   18)
          (  18,   18) (  18,   54) (  18,   18) (  18,   18) (  18,   18) (  18,    0) (  18,    0) (  18,    0) (  18,   36) (  18,   18)
          (  18,    0) (  18,   36) (  18,   18) (  18,   18) (  18,   18) (  18,   18) (  18,   18) (  18,   36) (  18,   18) (  18,    0)
          (  18,   72) (  18,    0) (  18,   18) (  18,   36) (  18,    0) (  18,   36) (  18,   18) (  18,    0) (  18,   18) (  18,    0)
          (  18,    0) (  18,   54) (  18,    0) (  18,   18) (  18,    0) (  18,   36) (  18,   36) (  18,   54) (  18,   18) (  18,   54)
          (  18,   18) (  16,    0) (  16,    0) (  16,    0) (  14,    0) (  18,   43) (  16,   34) (  17,   15) (  18,   30) (  13,    0)
          (  17,   32) (  15,   13) (  16,   32) (  17,   16) (  17,   32) (  17,   16) (  16,   17) (  16,    0) (  16,   17) (  15,   18)
          (  17,    0) (  16,   34) (  16,    0) (  17,   17) (  16,    0) (  17,   15) (  17,   18) (  16,   33) (  15,   29) (  18,   34)
          (  14,    0) (  16,   31) (  18,   16) (  16,   31) (  18,   16) (  17,   17) (  16,    0) (  15,    0) (  18,    0) (  18,    0)
          (  16,   16) (  17,    0) (  13,   35) (  16,    0) (  16,   16) (  17,    0) (  17,    0) (  14,   30) (  18,   17) (  17,    0)
          (  18,   33) (  16,   50) (  16,    0) (  18,   60) (  15,    0) (  16,    0) (  16,   17) (  16,    0) (  17,   15) (  16,   35)
          (  16,   16) (  17,   15) (  17,    0) (  16,   48) (  15,   16) (  18,   35) (  16,   32) (  16,    0) (  15,   27) (  18,   33)
          (  15,   48) (  18,   18) (  14,    0) (  16,    0) (  16,   12) (  12,    0) (  14,   29) (  13,   14) (  13,    0) (  15,   13)
          (  13,   14) (  14,   14) (  15,   14) (  14,   29) (  14,   14) (  14,   14) (  15,    0) (  16,   31) (  14,   27) (  15,   29)
          (  15,   14) (  14,    0) (  14,   11) (  15,   15) (  14,   24) (  15,    0) (  16,   26) (  12,    0) (  14,   16) (  14,   14)
          (  13,   14) (  12,    0) (  13,    0) (  13,    0) (  14,   42) (  15,   28) (  13,    0) (  13,    0) (  16,   44) (  15,   13)
          (  15,    0) (  16,   28) (  15,    0) (  16,   13) (  15,   48) (  12,   15) (  15,   32) (  14,   15) (  16,   14) (  14,    0)
          (  14,    0) (  16,   14) (  15,    0) (  16,    0) (  16,   31) (  16,    0) (  15,    0) (  15,    0) (  15,    0) (  15,   14)
          (  12,    0) (  13,    0) (  14,   25) (  14,    0) (  13,   14) (  16,    0) (  15,   15) (  15,   30) (  14,   30) (  15,   13)
          (  16,    0) (  14,   60) (  14,    0) (  15,   16) (  16,    0) (  15,   14) (  13,   15) (  14,   16) (  15,   47) (  16,    0)
          (  14,   15) (  14,    0) (  15,   14) (  14,    0) (  13,    0) (  12,   27) (  14,   14) (  15,   14) (  16,   44) (  15,   15)
          (  14,   13) (  16,   14) (  15,    0) (  14,    0) (  15,    0) (  15,   28) (  15,    0) (  13,   15) (  14,   13) (  14,   14)
          (  14,   16) (  14,   28) (  15,   29) (  13,   15) (  15,   40) (  12,   15) (  16,   13) (  15,    0) (  13,   14) (  16,   28)
          (  14,    0) (  14,   28) (  15,   27) (  14,   30) (  13,   29) (  13,   28) (  13,   14) (  13,    0) (  15,   37) (  15,   15)
          (  13,   12) (  14,    0) (  15,   46) (  14,   13) (  13,   56) (  15,    0) (  14,   15) (  16,   27) (  14,    0) (  12,    0)
          (  13,   26) (  15,    0) (  14,   30) (  16,   14) (  14,    0) (  15,    0) (  14,   32) (  13,   15) (  13,   12) (  14,    0)
          (  15,    0) (  15,    0) (  15,    0) (  14,    0) (  14,    0) (  14,    0) (  15,   16) (  14,   29) (  14,    0) (  13,   43)
          (  15,   13) (  14,    0) (  15,    0) (  15,   15) (  13,   16) (  15,   15) (  14,   16) (  15,    0) (  15,    0) (  14,   14)
          (  16,   15) (  14,   16) (  15,   16) (  16,   31) (  14,   28) (  14,   29) (  14,   27) (  13,    0) (  14,    0) (  16,   14)
          (  14,    0) (  15,   16) (  13,    0) (  16,   27) (  14,   16) (  14,   30) (  12,    0) (  14,    0) (  14,   14) (  14,    0)
          (  15,   28) (  16,    0) (  16,   16) (  16,    0) (  16,   16) (  16,   16) (  16,   16) (  16,    0) (  16,   16) (  16,   32)
          (  16,    0) (  16,   48) (  16,    0) (  16,    0) (  16,   16) (  16,   32) (  16,   16) (  16,   16) (  16,   32) (  16,   32)
          (  16,   16) (  16,    0) (  16,   32) (  16,    0) (  16,   48) (  16,    0) (  16,   80) (  16,   16) (  16,    0) (  16,   16)
          (  16,    0) (  16,    0) (  16,   16) (  16,    0) (  16,   16) (  16,   64) (  16,   16) (  16,   48) (  16,    0) (  16,   16)
          (  16,   16) (  16,   16) (  16,    0) (  16,   16) (  16,   32) (  16,    0) (  16,    0) (  16,   16) (  16,   16) (  16,   32)
          (  16,    0) (  16,   32) (  16,    0) (  16,   64) (  16,   16) (  16,   32) (  16,   16) (  16,   16) (  16,   48) (  16,   32)
          (  16,    0) (  16,    0) (  16,   16) (  16,   32) (  16,   32) (  16,   32) (  16,    0) (  16,   16) (  16,    0) (  16,    0)
          (  16,   16) (  16,   16) (  16,    0) (  16,   16) (  16,    0) (  16,   16) (  16,   16) (  16,   64) (  16,    0) (  16,   16)
          (  16,    0) (  16,    0) (  16,   32) (  16,   32) (  16,   16) (  16,   16) (  16,   16) (  16,    0) (  16,    0) (  16,   16)
          (  16,   16) (  16,   32) (  16,    0) (  16,   16) (  16,   32) (  16,   32) (  16,   32) (  16,   48) (  16,   32) (  16,   16)
          (  16,   16) (  16,    0) (  16,   16) (  16,   16) (  16,    0) (  16,   16) (  16,    0) (  16,    0) (  16,    0) (  16,   16)
          (  16,   32) (  16,   32) (  16,   32) (  16,   48) (  16,    0) (  16,   32) (  16,   32) (  16,    0) (  16,   16) (  16,   32)
          (  16,   48) (  16,    0) (  16,   48) (  16,   16) (  16,   32) (  16,    0) (  16,   48) (  16,    0) (  16,    0) (  16,   48)
          (  16,   32) (  16,    0) (  16,   32) (  16,    0) (  16,    0) (  16,   16) (  16,    0) (  16,   16) (  16,   16) (  16,   16)
          (  16,   16) (  16,    0) (  16,   16) (  16,   16) (  16,   16) (  16,   32) (  16,   48) (  16,    0) (  16,   32) (  16,   16)
          (  16,   16) (  16,   16) (  16,   16) (  16,    0) (  16,    0) (  16,   32) (  16,    0) (  16,    0) (  16,    0) (  16,    0)
          (  16,   16) (  16,   16) (  16,   16) (  16,    0) (  16,   32) (  16,   16) (  16,    0) (  16,    0) (  16,    0) (  16,   16)
          (  16,    0) (  16,   16) (  16,   48) (  16,   16) (  16,    0) (  16,   16) (  16,   48) (  16,   16) (  16,    0) (  16,   16)
          (  16,   16) (  16,   16) (  16,   32) (  16,   16) (  16,   48) (  16,    0) (  16,   16) (  16,   32) (  16,    0) (  16,   16)
          (  16,    0) (  16,   16) (  16,   16) (  16,    0) (  16,   16) (  16,   16) (  16,    0) (  16,   16) (  16,    0) (  16,   16)
         
node   2 sent_total   7736  recv_total   7930

node   3  (   1,    0) (   0,    0) (   6,   12) (   6,    0) (   6,    6) (   6,    6) (  18,   44) (  18,   10) (  18,    0) (  18,    0)
          (  18,   18) (  18,    0) (  18,    0) (  18,    0) (  18,    0) (  18,    0) (  18,   18) (  18,   54) (  18,    0) (  18,   18)
          (  18,   54) (  18,   18) (  18,   36) (  18,    0) (  18,    0) (  18,    0) (  18,    0) (  18,   54) (  18,   18) (  18,    0)
          (  18,    0) (  18,   90) (  18,   18) (  18,   18) (  18,   36) (  18,   18) (  18,   36) (  18,   36) (  18,   36) (  18,   18)
          (  18,   36) (  18,   18) (  18,   36) (  18,    0) (  18,    0) (  18,    0) (  18,   18) (  18,    0) (  18,   36) (  18,   36)
          (  18,   36) (  15,   18) (  17,   31) (  15,   45) (  18,   16) (  18,   15) (  16,   17) (  15,   16) (  18,   16) (  16,   35)
          (  15,    0) (  17,   17) (  13,    0) (  17,   16) (  17,   17) (  16,   35) (  16,   32) (  17,   36) (  16,   33) (  14,    0)
          (  18,   47) (  17,   17) (  17,   50) (  18,   17) (  15,   16) (  18,   30) (  16,    0) (  16,   18) (  18,   32) (  17,    0)
          (  16,    0) (  16,   62) (  16,   15) (  17,   36) (  17,   14) (  16,    0) (  16,   16) (  17,   31) (  16,    0) (  16,    0)
          (  15,   36) (  18,   15) (  16,   17) (  14,   16) (  17,    0) (  17,    0) (  13,   33) (  15,    0) (  17,   14) (  16,    0)
          (  17,    0) (  18,    0) (  17,   48) (  18,    0) (  14,   48) (  15,   64) (  18,   18) (  15,    0) (  17,    0) (  16,    0)
          (  15,    0) (  16,    0) (  17,   17) (  16,   16) (  17,   48) (  16,    0) (  16,    0) (  17,    0) (  16,    0) (  16,    0)
          (  18,    0) (  17,   15) (  15,   32) (  14,   48) (  13,   14) (  16,   14) (  14,   16) (  14,    0) (  13,   56) (  14,   16)
          (  16,   28) (  16,    0) (  15,   16) (  14,    0) (  16,   30) (  11,   15) (  13,   13) (  16,   15) (  13,    0) (  14,   30)
          (  14,    0) (  11,    0) (  14,    0) (  14,   14) (  12,   14) (  13,    0) (  14,    0) (  14,    0) (  15,   29) (  12,    0)
          (  15,    0) (  16,   29) (  16,    0) (  14,    0) (  14,    0) (  14,    0) (  15,    0) (  13,   14) (  14,   13) (  16,    0)
          (  15,    0) (  14,   14) (  10,    0) (  16,   16) (  13,   13) (  16,   13) (  14,   14) (  14,    0) (  13,   29) (  15,   16)
          (  14,   13) (  16,   29) (  15,   11) (  16,   42) (  14,    0) (  14,    0) (  16,   15) (  14,   43) (  15,    0) (  12,   30)
          (  14,   15) (  15,    0) (  15,    0) (  14,   27) (  14,   14) (  13,   15) (  14,   16) (  16,   15) (  16,    0) (  14,    0)
          (  16,   13) (  13,   14) (  12,   28) (  13,   14) (  13,    0) (  14,    0) (  16,   12) (  14,   12) (  16,   28) (  14,   29)
          (  15,   29) (  16,   14) (  15,   15) (  14,   15) (  13,   26) (  15,   13) (  15,    0) (  14,    0) (  15,   16) (  16,   29)
          (  15,   46) (  14,   42) (  16,   44) (  13,   15) (  13,   14) (  14,   29) (  13,   29) (  15,   13) (  14,   15) (  16,   15)
          (  16,   45) (  14,   29) (  15,    0) (  13,   14) (  14,   13) (  16,   46) (  16,    0) (  16,    0) (  15,   28) (  16,    0)
          (  15,   15) (  16,   15) (  15,   16) (  15,   13) (  14,    0) (  14,   28) (  13,   29) (  13,   28) (  13,   13) (  15,   13)
          (  14,   16) (  15,   27) (  15,   30) (  11,   14) (  15,    0) (  15,   29) (  16,   27) (  13,    0) (  15,   15) (  14,    0)
          (  15,   15) (  14,    0) (  14,   16) (  14,   44) (  14,   28) (  12,   16) (  14,    0) (  12,   14) (  14,    0) (  16,   13)
          (  15,   16) (  16,   15) (  16,    0) (  12,   15) (  13,   15) (  15,   16) (  14,   16) (  14,    0) (  14,    0) (  14,    0)
          (  15,    0) (  15,   15) (  14,   15) (  15,   29) (  14,   28) (  12,    0) (  14,    0) (  14,   28) (  14,    0) (  13,   30)
          (  14,   14) (  16,    0) (  16,    0) (  14,   16) (  11,    0) (  15,   29) (  14,    0) (  14,   27) (  12,   16) (  14,   26)
          (  13,   14) (  15,    0) (  16,   15) (  13,    0) (  15,   16) (  15,   30) (  13,    0) (  15,    0) (  15,   13) (  13,   13)
          (  13,   16) (  16,    0) (  16,   32) (  16,    0) (  16,   16) (  16,   32) (  16,    0) (  16,   16) (  16,   32) (  16,    0)
          (  16,   32) (  16,    0) (  16,   32) (  16,   32) (  16,   16) (  16,    0) (  16,   16) (  16,   16) (  16,   16) (  16,   32)
          (  16,   32) (  16,    0) (  16,   16) (  16,   32) (  16,   16) (  16,   32) (  16,   16) (  16,    0) (  16,   32) (  16,   32)
          (  16,   16) (  16,   32) (  16,   16) (  16,   48) (  16,    0) (  16,    0) (  16,    0) (  16,   16) (  16,   16) (  16,   32)
          (  16,    0) (  16,   32) (  16,    0) (  16,    0) (  16,    0) (  16,    0) (  16,   32) (  16,   32) (  16,    0) (  16,   32)
          (  16,   16) (  16,   16) (  16,   64) (  16,    0) (  16,   16) (  16,    0) (  16,    0) (  16,    0) (  16,   16) (  16,    0)
          (  16,    0) (  16,   16) (  16,   48) (  16,    0) (  16,   16) (  16,    0) (  16,   16) (  16,    0) (  16,   16) (  16,   16)
          (  16,   16) (  16,    0) (  16,   64) (  16,    0) (  16,    0) (  16,   48) (  16,   32) (  16,   16) (  16,    0) (  16,   32)
          (  16,   32) (  16,   32) (  16,   32) (  16,    0) (  16,    0) (  16,   16) (  16,    0) (  16,   48) (  16,   16) (  16,    0)
          (  16,    0) (  16,    0) (  16,   16) (  16,   32) (  16,    0) (  16,    0) (  16,   16) (  16,   16) (  16,   32) (  16,    0)
          (  16,    0) (  16,   16) (  16,   16) (  16,   32) (  16,    0) (  16,   16) (  16,   16) (  16,   32) (  16,    0) (  16,    0)
          (  16,    0) (  16,    0) (  16,    0) (  16,   16) (  16,   16) (  16,    0) (  16,    0) (  16,    0) (  16,   16) (  16,   16)
          (  16,    0) (  16,   16) (  16,    0) (  16,    0) (  16,    0) (  16,   16) (  16,    0) (  16,   48) (  16,   16) (  16,    0)
          (  16,   32) (  16,   48) (  16,   16) (  16,    0) (  16,   16) (  16,   32) (  16,   32) (  16,    0) (  16,    0) (  16,   32)
          (  16,   16) (  16,   16) (  16,    0) (  16,   16) (  16,    0) (  16,    0) (  16,   16) (  16,   16) (  16,    0) (  16,   32)
          (  16,   16) (  16,    0) (  16,   16) (  16,    0) (  16,   16) (  16,    0) (  16,    0) (  16,    0) (  16,   16) (  16,   16)
          (  16,   16) (  16,   16) (  16,    0) (  16,   32) (  16,   16) (  16,   16) (  16,    0) (  16,   16) (  16,   16) (  16,    0)
          (  16,   16) (  16,    0) (  16,    0) (  16,    0) (  16,   48) (  16,   16) (  16,   16) (  16,    0) (  16,   32) (  16,   16)
          (  16,   16) (  16,    0) (  16,   32) (  16,    0) (  16,   16) (  16,    0) (  16,    0) (  16,   16) (  16,   32) (  16,   16)
          (  16,   32) (  16,   16) (  16,    0) (  16,   64) (  16,   48) (  16,   16) (  16,   16) (  16,   16) (  16,    0) (  16,   32)
         
node   3 sent_total   7733  recv_total   7558

node   4  (   1,    0) (   0,    0) (   2,    4) (   2,    2) (   8,   16) (   8,    8) (   8,    6) (  18,   44) (  18,   36) (  18,   18)
          (  18,   18) (  18,    0) (  18,   18) (  18,    0) (  18,   36) (  18,   18) (  18,    0) (  18,   36) (  18,    0) (  18,    0)
          (  18,   18) (  18,    0) (  18,   18) (  18,   18) (  18,   18) (  18,   18) (  18,   36) (  18,   18) (  18,   18) (  18,    0)
          (  18,    0) (  18,    0) (  18,    0) (  18,   18) (  18,   18) (  18,   18) (  18,   18) (  18,   36) (  18,    0) (  18,   18)
          (  18,    0) (  18,    0) (  18,    0) (  18,    0) (  18,    0) (  18,   36) (  18,    0) (  18,   18) (  18,    0) (  18,    0)
          (  18,   36) (  17,   18) (  16,    0) (  17,   33) (  15,   31) (  18,    0) (  15,   18) (  18,   16) (  13,   34) (  16,   16)
          (  15,   16) (  17,    0) (  16,   30) (  16,   17) (  17,   16) (  17,   14) (  17,    0) (  18,    0) (  16,    0) (  14,   14)
          (  17,   14) (  14,   34) (  17,   16) (  17,    0) (  14,   16) (  16,   14) (  17,    0) (  13,   18) (  15,    0) (  16,   34)
          (  17,   34) (  16,    0) (  17,    0) (  18,   17) (  16,   52) (  16,   35) (  15,    0) (  14,    0) (  16,    0) (  16,   65)
          (  14,   33) (  17,    0) (  17,   34) (  18,   33) (  17,   32) (  16,   17) (  16,    0) (  17,   47) (  17,   17) (  16,   51)
          (  18,    0) (  16,   18) (  17,    0) (  17,   17) (  16,   35) (  17,    0) (  17,   15) (  18,    0) (  17,    0) (  16,   50)
          (  18,    0) (  15,   15) (  16,    0) (  14,   16) (  14,    0) (  15,   16) (  15,   14) (  13,    0) (  18,   32) (  16,    0)
          (  16,    0) (  15,   31) (  15,    0) (  12,   16) (  15,   30) (  15,   28) (  14,   28) (  14,   47) (  16,   16) (  14,    0)
          (  15,    0) (  15,    0) (  14,    0) (  14,   29) (  14,    0) (  13,   31) (  16,   29) (  14,   31) (  16,   58) (  14,   14)
          (  15,   26) (  14,   12) (  15,    0) (  15,   25) (  13,   27) (  15,   29) (  15,   15) (  10,   15) (  14,   15) (  15,   29)
          (  14,   42) (  16,   16) (  16,   16) (  15,   59) (  15,   16) (  15,   62) (  15,    0) (  15,    0) (  14,   29) (  12,   15)
          (  14,   26) (  15,    0) (  15,   31) (  14,   10) (  14,    0) (  13,   15) (  14,    0) (  16,    0) (  13,   45) (   9,   13)
          (  14,   27) (  11,    0) (  14,   29) (  14,   30) (  12,   14) (  16,    0) (  14,   30) (  16,    0) (  12,   45) (  14,   45)
          (  16,   15) (  12,   28) (  15,   16) (  16,   15) (  11,   15) (  16,    0) (  14,    0) (  15,    0) (  12,   15) (  14,   14)
          (  14,   13) (  16,    0) (  14,    0) (  15,   13) (  16,   14) (  12,   13) (  14,   44) (  15,    0) (  13,   14) (  16,    0)
          (  15,   14) (  15,   15) (  14,   14) (  14,    0) (  14,   16) (  12,   51) (  16,   15) (  14,    0) (  15,    0) (  13,    0)
          (  13,   29) (  15,   31) (  15,   46) (  14,   30) (  12,    0) (  12,   12) (  14,   29) (  16,   16) (  14,   16) (  14,   15)
          (  15,   14) (  16,    0) (  13,   14) (  15,   16) (  16,   15) (  16,   14) (  15,   15) (  13,    0) (  13,   13) (  15,    0)
          (  16,    0) (  15,   15) (  14,    0) (  14,    0) (  15,   12) (  14,   10) (  13,   57) (  12,    0) (  12,    0) (  14,   26)
          (  15,   13) (  16,    0) (  16,    0) (  14,   15) (  15,    0) (  14,   44) (  11,   15) (  14,   30) (  13,    0) (  15,   13)
          (  14,    0) (  15,   30) (  14,   15) (  12,   14) (  15,   16) (  16,   12) (  15,   13) (  12,   15) (  14,   15) (  16,   27)
          (  11,   30) (  16,    0) (  14,   15) (  15,   15) (  16,    0) (  14,   27) (  16,   14) (  10,   29) (  15,   30) (  15,    0)
          (  16,    0) (  15,    0) (  12,   14) (  15,    0) (  14,   30) (  15,    0) (  11,   30) (  16,   29) (  14,    0) (  14,   61)
          (  14,    0) (  14,    0) (  15,   16) (  15,   31) (  13,    0) (  15,   16) (  13,   15) (  16,    0) (  12,   13) (  14,   12)
          (  13,   15) (  13,   40) (  14,   14) (  14,   46) (  15,   41) (  13,    0) (  15,   14) (  13,   15) (  14,   44) (  16,   15)
          (  15,   14) (  16,   15) (  16,   16) (  16,   64) (  16,   32) (  16,   16) (  16,   16) (  16,   16) (  16,    0) (  16,   16)
          (  16,   16) (  16,   16) (  16,   16) (  16,   16) (  16,    0) (  16,    0) (  16,   16) (  16,   48) (  16,   16) (  16,   16)
          (  16,    0) (  16,   16) (  16,    0) (  16,    0) (  16,   16) (  16,   48) (  16,    0) (  16,   16) (  16,   16) (  16,   16)
          (  16,   16) (  16,   32) (  16,   32) (  16,   16) (  16,   16) (  16,    0) (  16,   16) (  16,   16) (  16,   16) (  16,   48)
          (  16,    0) (  16,   32) (  16,   48) (  16,   16) (  16,    0) (  16,   32) (  16,    0) (  16,   32) (  16,    0) (  16,    0)
          (  16,   16) (  16,   16) (  16,    0) (  16,    0) (  16,   32) (  16,    0) (  16,   16) (  16,   16) (  16,   16) (  16,   32)
          (  16,    0) (  16,    0) (  16,    0) (  16,   32) (  16,   16) (  16,    0) (  16,   48) (  16,   32) (  16,   16) (  16,    0)
          (  16,    0) (  16,    0) (  16,   16) (  16,    0) (  16,   32) (  16,    0) (  16,    0) (  16,    0) (  16,    0) (  16,   16)
          (  16,   32) (  16,   32) (  16,   16) (  16,    0) (  16,   16) (  16,   16) (  16,   32) (  16,   16) (  16,   16) (  16,    0)
          (  16,   32) (  16,   16) (  16,   32) (  16,    0) (  16,    0) (  16,   32) (  16,   16) (  16,    0) (  16,   16) (  16,   16)
          (  16,    0) (  16,   32) (  16,   16) (  16,   16) (  16,   16) (  16,   16) (  16,   32) (  16,   16) (  16,   16) (  16,    0)
          (  16,    0) (  16,   16) (  16,   16) (  16,   16) (  16,   16) (  16,   32) (  16,   16) (  16,   48) (  16,   48) (  16,    0)
          (  16,   16) (  16,   16) (  16,   32) (  16,   32) (  16,    0) (  16,   16) (  16,    0) (  16,   48) (  16,    0) (  16,   16)
          (  16,    0) (  16,   16) (  16,    0) (  16,    0) (  16,   32) (  16,   16) (  16,    0) (  16,   48) (  16,   64) (  16,    0)
          (  16,   16) (  16,   16) (  16,   16) (  16,    0) (  16,    0) (  16,    0) (  16,    0) (  16,   32) (  16,   48) (  16,   16)
          (  16,    0) (  16,    0) (  16,   32) (  16,    0) (  16,    0) (  16,   48) (  16,   16) (  16,    0) (  16,   16) (  16,   48)
          (  16,    0) (  16,   32) (  16,   16) (  16,   32) (  16,    0) (  16,   16) (  16,    0) (  16,   16) (  16,   16) (  16,   32)
          (  16,   32) (  16,    0) (  16,    0) (  16,   16) (  16,    0) (  16,   16) (  16,    0) (  16,   48) (  16,   16) (  16,    0)
          (  16,    0) (  16,   32) (  16,   16) (  16,   16) (  16,   16) (  16,   32) (  16,   16) (  16,   32) (  16,   48) (  16,   16)
          (  16,   16) (  16,   16) (  16,   32) (  16,   16) (  16,    0) (  16,   32) (  16,   16) (  16,   32) (  16,   64) (  16,   16)
         
node   4 sent_total   7690  recv_total   8030

node   5  (   0,    0) (   1,    0) (   0,    0) (  14,   16) (  14,    0) (  18,   36) (  18,    0) (  18,    0) (  18,    0) (  18,   18)
          (  18,    0) (  18,   18) (  18,    0) (  18,    0) (  18,    0) (  18,   18) (  18,   36) (  18,   36) (  18,   36) (  18,   18)
          (  18,    0) (  18,   18) (  18,   54) (  18,    0) (  18,   18) (  18,    0) (  18,    0) (  18,   18) (  18,   54) (  18,   54)
          (  18,    0) (  18,   18) (  18,    0) (  18,    0) (  18,    0) (  18,   18) (  18,   18) (  18,    0) (  18,   18) (  18,    0)
          (  18,    0) (  18,    0) (  18,   18) (  18,   36) (  18,   18) (  18,   18) (  18,    0) (  18,   18) (  18,   72) (  18,    0)
          (  18,    0) (  14,   36) (  15,   33) (  18,   34) (  13,    0) (  17,   14) (  17,    0) (  16,    0) (  17,   17) (  18,   13)
          (  17,   14) (  16,    0) (  17,   16) (  16,    0) (  17,    0) (  16,   14) (  16,   33) (  16,    0) (  18,    0) (  18,   16)
          (  17,    0) (  18,    0) (  18,   34) (  16,   17) (  16,   17) (  14,   15) (  18,   34) (  16,   34) (  13,    0) (  16,   15)
          (  12,   33) (  15,   16) (  16,    0) (  18,    0) (  15,    0) (  16,   33) (  16,   15) (  18,   18) (  15,   14) (  17,   30)
          (  18,   16) (  18,    0) (  14,   36) (  17,    0) (  17,   17) (  18,   33) (  14,   34) (  18,    0) (  18,    0) (  17,   34)
          (  17,    0) (  16,    0) (  17,   18) (  15,   31) (  16,    0) (  17,   30) (  16,   18) (  15,    0) (  17,   16) (  18,    0)
          (  18,    0) (  15,   17) (  16,    0) (  15,   16) (  17,   14) (  10,    0) (  14,    0) (  15,   30) (  17,    0) (  17,   16)
          (  17,    0) (  17,   34) (  18,   17) (  16,   18) (  15,   15) (  18,   31) (  15,   33) (  16,   31) (  15,   16) (  12,    0)
          (  13,    0) (  15,    0) (  15,   28) (  15,   28) (  15,    0) (  11,   15) (  16,   38) (  15,   13) (  16,    0) (  13,   15)
          (  14,   15) (  16,    0) (  13,   41) (  13,   13) (  13,   12) (  15,    0) (  15,    0) (  15,   43) (  14,   44) (  14,   14)
          (  16,   13) (  15,   27) (  16,    0) (  13,   16) (  14,    0) (  16,   29) (  15,   15) (  15,    0) (  16,   29) (  14,   14)
          (  14,   15) (  14,    0) (  16,    0) (  15,   15) (  15,    0) (  13,   14) (  16,    0) (  14,   29) (  16,   41) (  13,   15)
          (  13,   13) (  14,   15) (  14,   16) (  15,   14) (  16,   16) (  13,   16) (  15,   30) (  14,    0) (  14,   14) (  13,   26)
          (  14,   14) (  13,   13) (  14,    0) (  14,   15) (  15,   16) (  13,   27) (  14,   30) (  14,   14) (  14,   14) (  16,    0)
          (  13,   16) (  14,    0) (  14,    0) (  14,   15) (  15,   13) (  15,   31) (  12,    0) (  15,   30) (  15,   15) (  16,    0)
          (  15,    0) (  14,   40) (  16,   44) (  16,   12) (  14,   41) (  15,   14) (  12,   15) (  16,   16) (  11,   28) (  16,   25)
          (  14,   14) (  15,   13) (  15,    0) (  15,    0) (  15,   57) (  15,    0) (  16,   15) (  14,   29) (  14,    0) (  14,   29)
          (  15,   14) (  15,    0) (  14,   15) (  13,    0) (  14,    0) (  14,    0) (  15,    0) (  14,    0) (  15,   14) (  14,    0)
          (  15,   16) (  13,    0) (  16,   29) (  15,   28) (  16,   15) (  14,    0) (  13,    0) (  13,   40) (  16,    0) (  13,    0)
          (  14,   15) (  15,   42) (  13,   14) (  15,   15) (  14,   13) (  13,    0) (  15,    0) (  15,   37) (  14,   32) (  15,    0)
          (  14,   15) (  13,   43) (  16,   14) (  14,   44) (  12,   28) (  15,   28) (  15,    0) (  16,   14) (  12,    0) (  15,    0)
          (  15,   15) (  13,   30) (  15,    0) (  15,    0) (  15,   15) (  14,   28) (  14,    0) (  14,   15) (  13,    0) (  15,   29)
          (  14,    0) (  14,   29) (  15,   15) (  14,   14) (  16,    0) (  15,   30) (  16,   15) (  15,   14) (  15,    0) (  14,    0)
          (  16,   13) (  16,   14) (  13,   29) (  15,   12) (  15,   15) (  14,    0) (  13,   13) (  13,   14) (  13,   28) (  14,    0)
          (  16,   14) (  14,    0) (  14,    0) (  15,    0) (  16,   31) (  14,    0) (  13,   15) (  13,    0) (  15,    0) (  16,   15)
          (  16,   16) (  16,   30) (  16,   16) (  16,    0) (  16,   48) (  16,    0) (  16,   16) (  16,   64) (  16,   48) (  16,    0)
          (  16,    0) (  16,   16) (  16,   32) (  16,   16) (  16,   16) (  16,    0) (  16,    0) (  16,   16) (  16,   48) (  16,   16)
          (  16,   16) (  16,   32) (  16,    0) (  16,   16) (  16,    0) (  16,    0) (  16,    0) (  16,   48) (  16,   16) (  16,    0)
          (  16,    0) (  16,   16) (  16,   48) (  16,   16) (  16,   16) (  16,   16) (  16,    0) (  16,    0) (  16,   16) (  16,    0)
          (  16,   16) (  16,   32) (  16,   16) (  16,   64) (  16,   32) (  16,   32) (  16,   16) (  16,   16) (  16,    0) (  16,   16)
          (  16,   16) (  16,   16) (  16,   16) (  16,   16) (  16,   32) (  16,   16) (  16,   16) (  16,    0) (  16,    0) (  16,   32)
          (  16,   32) (  16,    0) (  16,    0) (  16,    0) (  16,   16) (  16,   16) (  16,   16) (  16,   16) (  16,   16) (  16,   32)
          (  16,   32) (  16,   32) (  16,    0) (  16,   48) (  16,    0) (  16,    0) (  16,   16) (  16,    0) (  16,   48) (  16,    0)
          (  16,    0) (  16,    0) (  16,   32) (  16,   16) (  16,   16) (  16,   32) (  16,   16) (  16,   16) (  16,    0) (  16,   48)
          (  16,    0) (  16,   32) (  16,   32) (  16,   16) (  16,   32) (  16,    0) (  16,   32) (  16,   16) (  16,    0) (  16,    0)
          (  16,   16) (  16,   32) (  16,   32) (  16,    0) (  16,   48) (  16,   16) (  16,   32) (  16,    0) (  16,   32) (  16,   16)
          (  16,    0) (  16,   32) (  16,   16) (  16,   16) (  16,   16) (  16,    0) (  16,   32) (  16,   48) (  16,   16) (  16,    0)
          (  16,    0) (  16,   32) (  16,   32) (  16,   32) (  16,   16) (  16,    0) (  16,   32) (  16,    0) (  16,    0) (  16,    0)
          (  16,   16) (  16,    0) (  16,    0) (  16,   16) (  16,   16) (  16,   32) (  16,   16) (  16,    0) (  16,   16) (  16,   32)
          (  16,    0) (  16,    0) (  16,   16) (  16,   16) (  16,   16) (  16,   16) (  16,    0) (  16,    0) (  16,    0) (  16,    0)
          (  16,   16) (  16,   32) (  16,    0) (  16,   48) (  16,    0) (  16,   16) (  16,   64) (  16,   16) (  16,    0) (  16,   16)
          (  16,   32) (  16,   16) (  16,   16) (  16,    0) (  16,   32) (  16,   16) (  16,   32) (  16,   16) (  16,    0) (  16,    0)
          (  16,    0) (  16,   48) (  16,    0) (  16,   16) (  16,    0) (  16,   16) (  16,   16) (  16,   16) (  16,   16) (  16,   16)
          (  16,   16) (  16,   32) (  16,    0) (  16,   16) (  16,   16) (  16,   48) (  16,   32) (  16,   16) (  16,   32) (  16,   16)
          (  16,   16) (  16,    0) (  16,   32) (  16,   16) (  16,   32) (  16,    0) (  16,   16) (  16,    0) (  16,    0) (  16,   16)
         
node   5 sent_total   7785  recv_total   7555

node   6  (   0,    0) (   1,    0) (   0,    0) (  14,   28) (  14,   14) (  18,   32) (  18,    0) (  18,   36) (  18,    0) (  18,   36)
          (  18,    0) (  18,    0) (  18,   18) (  18,   36) (  18,    0) (  18,   18) (  18,    0) (  18,   18) (  18,   54) (  18,   18)
          (  18,   18) (  18,   36) (  18,    0) (  18,   72) (  18,   18) (  18,   18) (  18,    0) (  18,   36) (  18,    0) (  18,   36)
          (  18,   54) (  18,   18) (  18,    0) (  18,   18) (  18,    0) (  18,   18) (  18,   36) (  18,    0) (  18,   36) (  18,   36)
          (  18,   18) (  18,   18) (  18,   54) (  18,   18) (  18,   72) (  18,   54) (  18,   18) (  18,    0) (  18,    0) (  18,   18)
          (  18,    0) (  16,   18) (  16,   14) (  16,   16) (  16,    0) (  16,    0) (  17,   17) (  15,    0) (  16,    0) (  17,   34)
          (  13,    0) (  17,   16) (  15,   32) (  15,    0) (  14,    0) (  15,    0) (  18,    0) (  17,   16) (  14,   32) (  16,   16)
          (  16,    0) (  16,   18) (  17,   29) (  17,   16) (  16,   48) (  17,   16) (  17,    0) (  13,    0) (  18,   17) (  17,   15)
          (  16,    0) (  15,   17) (  14,    0) (  17,   30) (  16,   16) (  15,   31) (  18,   34) (  17,   32) (  15,   50) (  16,   15)
          (  14,    0) (  18,   18) (  15,    0) (  15,   15) (  16,   15) (  18,    0) (  11,   18) (  17,    0) (  17,   35) (  18,   13)
          (  18,   18) (   0,    0) (   0,    0) (   0,    0) (   0,    0) (   0,    0) (   0,    0) (   0,    0) (   0,    0) (   0,    0)
          (   0,    0) (   0,    0) (   0,    0) (   0,    0) (   0,    0) (   0,    0) (   0,    0) (   0,    0) (   0,    0) (   0,    0)
          (   0,    0) (   0,    0) (   0,    0) (   0,    0) (   0,    0) (   0,    0) (   0,    0) (   0,    0) (   0,    0) (   0,    0)
          (   0,    0) (   0,    0) (   0,    0) (   0,    0) (   0,    0) (   0,    0) (   0,    0) (   0,    0) (   0,    0) (   0,    0)
          (   0,    0) (   0,    0) (   0,    0) (   0,    0) (   0,    0) (   0,    0) (   0,    0) (   0,    0) (   0,    0) (   0,    0)
          (   0,    0) (   0,    0) (   0,    0) (   0,    0) (   0,    0) (   0,    0) (   0,    0) (   0,    0) (   0,    0) (   0,    0)
          (   0,    0) (   0,    0) (   0,    0) (   0,    0) (   0,    0) (   0,    0) (   0,    0) (   0,    0) (   0,    0) (   0,    0)
          (   0,    0) (   0,    0) (   0,    0) (   0,    0) (   0,    0) (   0,    0) (   0,    0) (   0,    0) (   0,    0) (   0,    0)
          (   0,    0) (   0,    0) (   0,    0) (   0,    0) (   0,    0) (   0,    0) (   0,    0) (   0,    0) (   0,    0) (   0,    0)
          (   0,    0) (   0,    0) (   0,    0) (   0,    0) (   0,    0) (   0,    0) (   0,    0) (   0,    0) (   0,    0) (   0,    0)
          (   0,    0) (   0,    0) (   0,    0) (   0,    0) (   0,    0) (   0,    0) (   0,    0) (   0,    0) (   0,    0) (   0,    0)
          (   0,    0) (   0,    0) (   0,    0) (   0,    0) (   0,    0) (   0,    0) (   0,    0) (   0,    0) (   0,    0) (   0,    0)
          (   0,    0) (   0,    0) (   0,    0) (   0,    0) (   0,    0) (   0,    0) (   0,    0) (   0,    0) (   0,    0) (   0,    0)
          (   0,    0) (   0,    0) (   0,    0) (   0,    0) (   0,    0) (   0,    0) (   0,    0) (   0,    0) (   0,    0) (   0,    0)
          (   0,    0) (   0,    0) (   0,    0) (   0,    0) (   0,    0) (   0,    0) (   0,    0) (   0,    0) (   0,    0) (   0,    0)
          (   0,    0) (   0,    0) (   0,    0) (   0,    0) (   0,    0) (   0,    0) (   0,    0) (   0,    0) (   0,    0) (   0,    0)
          (   0,    0) (   0,    0) (   0,    0) (   0,    0) (   0,    0) (   0,    0) (   0,    0) (   0,    0) (   0,    0) (   0,    0)
          (   0,    0) (   0,    0) (   0,    0) (   0,    0) (   0,    0) (   0,    0) (   0,    0) (   0,    0) (   0,    0) (   0,    0)
          (   0,    0) (   0,    0) (   0,    0) (   0,    0) (   0,    0) (   0,    0) (   0,    0) (   0,    0) (   0,    0) (   0,    0)
          (   0,    0) (   0,    0) (   0,    0) (   0,    0) (   0,    0) (   0,    0) (   0,    0) (   0,    0) (   0,    0) (   0,    0)
          (   0,    0) (   0,    0) (   0,    0) (   0,    0) (   0,    0) (   0,    0) (   0,    0) (   0,    0) (   0,    0) (   0,    0)
          (   0,    0) (   0,    0) (   0,    0) (   0,    0) (   0,    0) (   0,    0) (   0,    0) (   0,    0) (   0,    0) (   0,    0)
          (   0,    0) (   0,    0) (   0,    0) (   0,    0) (   0,    0) (   0,    0) (   0,    0) (   0,    0) (   0,    0) (   0,    0)
          (   0,    0) (   0,    0) (   0,    0) (   0,    0) (   0,    0) (   0,    0) (   0,    0) (   0,    0) (   0,    0) (   0,    0)
          (   0,    0) (   0,    0) (   0,    0) (   0,    0) (   0,    0) (   0,    0) (   0,    0) (   0,    0) (   0,    0) (   0,    0)
          (   0,    0) (   0,    0) (   0,    0) (   0,    0) (   0,    0) (   0,    0) (   0,    0) (   0,    0) (   0,    0) (   0,    0)
          (   0,    0) (   0,    0) (   0,    0) (   0,    0) (   0,    0) (   0,    0) (   0,    0) (   0,    0) (   0,    0) (   0,    0)
          (   0,    0) (   0,    0) (   0,    0) (   0,    0) (   0,    0) (   0,    0) (   0,    0) (   0,    0) (   0,    0) (   0,    0)
          (   0,    0) (   0,    0) (   0,    0) (   0,    0) (   0,    0) (   0,    0) (   0,    0) (   0,    0) (   0,    0) (   0,    0)
          (   0,    0) (   0,    0) (   0,    0) (   0,    0) (   0,    0) (   0,    0) (   0,    0) (   0,    0) (   0,    0) (   0,    0)
          (   0,    0) (   0,    0) (   0,    0) (   0,    0) (   0,    0) (   0,    0) (   0,    0) (   0,    0) (   0,    0) (   0,    0)
          (   0,    0) (   0,    0) (   0,    0) (   0,    0) (   0,    0) (   0,    0) (   0,    0) (   0,    0) (   0,    0) (   0,    0)
          (   0,    0) (   0,    0) (   0,    0) (   0,    0) (   0,    0) (   0,    0) (   0,    0) (   0,    0) (   0,    0) (   0,    0)
          (   0,    0) (   0,    0) (   0,    0) (   0,    0) (   0,    0) (   0,    0) (   0,    0) (   0,    0) (   0,    0) (   0,    0)
          (   0,    0) (   0,    0) (   0,    0) (   0,    0) (   0,    0) (   0,    0) (   0,    0) (   0,    0) (   0,    0) (   0,    0)
          (   0,    0) (   0,    0) (   0,    0) (   0,    0) (   0,    0) (   0,    0) (   0,    0) (   0,    0) (   0,    0) (   0,    0)
          (   0,    0) (   0,    0) (   0,    0) (   0,    0) (   0,    0) (   0,    0) (   0,    0) (   0,    0) (   0,    0) (   0,    0)
          (   0,    0) (   0,    0) (   0,    0) (   0,    0) (   0,    0) (   0,    0) (   0,    0) (   0,    0) (   0,    0) (   0,    0)
          (   0,    0) (   0,    0) (   0,    0) (   0,    0) (   0,    0) (   0,    0) (   0,    0) (   0,    0) (   0,    0) (   0,    0)
          (   0,    0) (   0,    0) (   0,    0) (   0,    0) (   0,    0) (   0,    0) (   0,    0) (   0,    0) (   0,    0) (   0,    0)
         
node   6 sent_total   1656  recv_total   1755

node   7  (   0,    0) (   1,    0) (   0,    0) (  10,   12) (  18,   32) (  18,   16) (  18,   18) (  18,   18) (  18,   10) (  18,    0)
          (  18,   18) (  18,   18) (  18,   18) (  18,    0) (  18,    0) (  18,    0) (  18,   18) (  18,    0) (  18,    0) (  18,    0)
          (  18,    0) (  18,    0) (  18,   36) (  18,   18) (  18,   36) (  18,   36) (  18,   54) (  18,   18) (  18,    0) (  18,   18)
          (  18,    0) (  18,   18) (  18,   18) (  18,   18) (  18,   18) (  18,   36) (  18,   36) (  18,   36) (  18,   18) (  18,    0)
          (  18,   18) (  18,   18) (  18,    0) (  18,    0) (  18,   36) (  18,    0) (  18,    0) (  18,   36) (  18,   18) (  18,    0)
          (  18,   18) (  15,   18) (  18,    0) (  14,    0) (  14,   14) (  17,   33) (  18,    0) (  16,   16) (  16,    0) (  17,    0)
          (  16,   17) (  15,   32) (  17,    0) (  16,   17) (  16,   18) (  17,    0) (  17,    0) (  18,   50) (  18,    0) (  16,   16)
          (  18,   33) (  17,   16) (  18,    0) (  16,    0) (  16,    0) (  17,    0) (  16,   33) (  15,   17) (  16,   28) (  16,   18)
          (  16,   15) (  18,   13) (  17,   31) (  16,    0) (  16,    0) (  17,    0) (  15,    0) (  16,   16) (  17,   17) (  18,   31)
          (  18,   16) (  18,   30) (  14,   17) (  15,   31) (  17,   14) (  17,   17) (  18,   34) (  18,    0) (  16,    0) (  15,    0)
          (  18,   46) (  18,   35) (  16,   17) (  17,    0) (  16,    0) (  17,   16) (  17,    0) (  14,   49) (  17,   32) (  18,   15)
          (  16,   50) (  16,   15) (  16,    0) (  17,    0) (  17,    0) (  17,    0) (  15,   27) (  15,   15) (  16,   32) (  16,   33)
          (  14,   16) (  12,    0) (  15,   15) (  14,    0) (  15,   33) (  15,   15) (  15,    0) (  13,    0) (  15,    0) (  16,    0)
          (  13,    0) (  15,   61) (  15,    0) (  15,    0) (  14,   29) (  16,   15) (  15,   11) (  13,    0) (  15,   16) (  16,    0)
          (  12,   29) (  15,   14) (  12,   14) (  12,   42) (  16,   14) (  15,   14) (  15,   28) (  15,   14) (  15,    0) (  14,   14)
          (  13,   14) (  14,    0) (  15,   30) (  14,    0) (  16,   41) (  15,    0) (  15,   44) (  16,    0) (  14,    0) (  12,   58)
          (  16,   27) (  16,   46) (  13,   14) (  16,   13) (  13,    0) (  14,    0) (  15,    0) (  13,    0) (  16,    0) (  13,   43)
          (  15,   15) (  15,   27) (  13,    0) (  14,    0) (  15,    0) (  16,   58) (  14,   32) (  14,    0) (  16,   14) (  16,    0)
          (  14,   15) (  14,   42) (  15,   31) (  15,    0) (  15,   15) (  14,   11) (  15,   13) (  14,   16) (  15,   14) (  12,   31)
          (  15,   15) (  15,   14) (  15,   29) (  13,   29) (  14,    0) (  15,   28) (  16,   29) (  15,    0) (  16,   16) (  14,   32)
          (  12,   16) (  15,   15) (  15,    0) (  14,   30) (  11,    0) (  14,    0) (  15,   12) (  12,   10) (  14,   29) (  14,    0)
          (  16,    0) (  13,    0) (  15,    0) (  13,   28) (  13,   13) (  14,   13) (  14,   29) (  15,   29) (  15,   28) (  14,    0)
          (  14,    0) (  15,   16) (  15,    0) (  13,   15) (  12,    0) (  13,    0) (  16,   15) (  16,   15) (  15,    0) (  15,   30)
          (  15,   31) (  16,   13) (  13,   13) (  16,    0) (  10,    0) (  15,    0) (  14,    0) (  14,    0) (  14,   14) (  15,   14)
          (  14,    0) (  16,    0) (  11,    0) (  14,   12) (  16,   12) (  15,    0) (  12,    0) (  15,   15) (  16,    0) (  15,   31)
          (  15,   15) (  16,   14) (  16,    0) (  14,    0) (  15,   15) (  16,   32) (  14,   30) (  14,   30) (  13,   40) (  12,   14)
          (  15,   16) (  15,    0) (  14,   13) (  15,   11) (  15,   30) (  16,   29) (  14,   47) (  16,   14) (  12,   28) (  12,   14)
          (  15,   29) (  15,    0) (  15,   29) (  12,    0) (  15,   13) (  16,   27) (  12,    0) (  16,    0) (  16,   45) (  14,    0)
          (  15,   14) (  16,   25) (  16,    0) (  16,    0) (  11,    0) (  13,    0) (  15,   29) (  13,   41) (  14,   27) (  14,   14)
          (  14,   16) (  12,   15) (  12,    0) (  16,    0) (  15,   15) (  12,    0) (  14,   28) (  15,   14) (  15,   13) (  15,   29)
          (  15,    0) (  16,   16) (  16,   16) (  16,   16) (  16,    0) (  16,    0) (  16,   32) (  16,   16) (  16,    0) (  16,   48)
          (  16,   16) (  16,    0) (  16,   16) (  16,   16) (  16,   16) (  16,   16) (  16,   32) (  16,    0) (  16,    0) (  16,    0)
          (  16,   16) (  16,   32) (  16,    0) (  16,   32) (  16,    0) (  16,    0) (  16,   32) (  16,   16) (  16,   32) (  16,    0)
          (  16,   64) (  16,   16) (  16,   16) (  16,   16) (  16,    0) (  16,   16) (  16,   32) (  16,    0) (  16,    0) (  16,    0)
          (  16,   16) (  16,   16) (  16,   48) (  16,   32) (  16,   32) (  16,    0) (  16,   16) (  16,   16) (  16,   16) (  16,   16)
          (  16,   16) (  16,   32) (  16,   16) (  16,    0) (  16,   16) (  16,   16) (  16,   48) (  16,   32) (  16,   16) (  16,    0)
          (  16,   32) (  16,   16) (  16,   32) (  16,    0) (  16,    0) (  16,   16) (  16,   32) (  16,   16) (  16,    0) (  16,   32)
          (  16,   16) (  16,   16) (  16,   16) (  16,   16) (  16,   16) (  16,   16) (  16,    0) (  16,   16) (  16,   16) (  16,   16)
          (  16,   32) (  16,   16) (  16,    0) (  16,   32) (  16,   32) (  16,    0) (  16,    0) (  16,    0) (  16,   32) (  16,    0)
          (  16,   48) (  16,   32) (  16,    0) (  16,   16) (  16,   16) (  16,   16) (  16,   16) (  16,    0) (  16,   16) (  16,   64)
          (  16,   16) (  16,    0) (  16,   16) (  16,   16) (  16,   48) (  16,   16) (  16,   16) (  16,   16) (  16,   32) (  16,    0)
          (  16,   32) (  16,    0) (  16,    0) (  16,   16) (  16,    0) (  16,   16) (  16,   16) (  16,   32) (  16,    0) (  16,   32)
          (  16,   32) (  16,    0) (  16,   16) (  16,   32) (  16,   16) (  16,   16) (  16,    0) (  16,   16) (  16,   32) (  16,    0)
          (  16,   16) (  16,    0) (  16,   16) (  16,   48) (  16,    0) (  16,   16) (  16,   16) (  16,    0) (  16,   32) (  16,   16)
          (  16,   16) (  16,   64) (  16,   16) (  16,   16) (  16,   32) (  16,    0) (  16,    0) (  16,   16) (  16,   32) (  16,   16)
          (  16,   32) (  16,   16) (  16,   16) (  16,   32) (  16,   48) (  16,    0) (  16,   16) (  16,   16) (  16,   32) (  16,   32)
          (  16,   16) (  16,    0) (  16,    0) (  16,   16) (  16,    0) (  16,    0) (  16,    0) (  16,   16) (  16,   16) (  16,   16)
          (  16,   32) (  16,    0) (  16,    0) (  16,   48) (  16,   32) (  16,   16) (  16,   32) (  16,    0) (  16,   16) (  16,   16)
          (  16,   48) (  16,   16) (  16,   16) (  16,   16) (  16,   16) (  16,   16) (  16,    0) (  16,    0) (  16,    0) (  16,    0)
          (  16,    0) (  16,   32) (  16,    0) (  16,    0) (  16,   32) (  16,   16) (  16,   32) (  16,   16) (  16,   16) (  16,   16)
         
node   7 sent_total   7779  recv_total   7651

node   8  (   0,    0) (   1,    0) (   0,    0) (   8,   10) (   8,    0) (   8,    0) (  18,   26) (  18,   36) (  18,   18) (  18,    0)
          (  18,   18) (  18,    0) (  18,   36) (  18,   18) (  18,   18) (  18,    0) (  18,    0) (  18,   18) (  18,   18) (  18,    0)
          (  18,   36) (  18,   18) (  18,    0) (  18,   18) (  18,   36) (  18,   18) (  18,   18) (  18,    0) (  18,   18) (  18,   36)
          (  18,    0) (  18,   36) (  18,  108) (  18,   18) (  18,   36) (  18,    0) (  18,   18) (  18,    0) (  18,    0) (  18,   36)
          (  18,    0) (  18,   18) (  18,   36) (  18,   18) (  18,    0) (  18,    0) (  18,    0) (  18,   18) (  18,   18) (  18,   36)
          (  18,    0) (  16,   18) (  16,   31) (  17,    0) (  16,   14) (  15,    0) (  16,   18) (  16,   35) (  17,   15) (  15,    0)
          (  17,   33) (  13,   16) (  17,   53) (  14,    0) (  17,   17) (  16,   17) (  15,   16) (  14,   34) (  15,    0) (  13,    0)
          (  13,   16) (  16,    0) (  16,   17) (  16,    0) (  15,   16) (  16,   15) (  18,    0) (  16,    0) (  18,    0) (  16,    0)
          (  13,   16) (  15,   17) (  18,   31) (  17,    0) (  17,   18) (  18,   15) (  16,   48) (  15,   16) (  14,   33) (  16,    0)
          (  15,   16) (  17,   33) (  15,   18) (  16,   15) (  17,   34) (  17,   31) (  15,    0) (  17,   28) (  16,   16) (  17,   17)
          (  16,    0) (  16,   17) (  14,   17) (  15,   17) (  17,    0) (  18,    0) (  16,   34) (  17,   33) (  15,   17) (  17,    0)
          (  15,   34) (  18,    0) (  16,   33) (  16,    0) (  18,    0) (  14,   15) (  17,    0) (  17,   30) (  15,    0) (  18,   16)
          (  18,   54) (  17,   18) (  14,    0) (  17,    0) (  15,    0) (  13,    0) (  14,   16) (  14,    0) (  14,   14) (  14,   14)
          (  14,   16) (  15,   29) (  14,   15) (  15,   16) (  15,    0) (  14,   15) (  16,   16) (  15,   16) (  14,    0) (  10,   15)
          (  14,    0) (  16,   25) (  13,   30) (  12,    0) (  16,   30) (  13,    0) (  15,    0) (  14,    0) (  14,    0) (  13,   29)
          (  14,   28) (  15,   29) (  13,   28) (  14,    0) (  15,    0) (  14,    0) (  15,   30) (  12,   74) (  14,    0) (  11,   16)
          (  14,   12) (  14,   15) (  13,   13) (  13,   29) (  15,   28) (  14,   14) (  15,   14) (  16,   15) (  15,    0) (  15,   16)
          (  15,    0) (  16,    0) (  15,   14) (  14,   14) (  14,   15) (  14,   14) (  16,    0) (  15,   14) (  14,   15) (  12,    0)
          (  16,   27) (  16,   14) (  16,   15) (  16,   30) (  14,    0) (  15,    0) (  15,   30) (  15,   15) (  13,   30) (  13,   30)
          (  15,    0) (  13,   15) (  15,    0) (  14,    0) (  13,   60) (  14,   14) (  16,   15) (  16,   29) (  16,    0) (  15,   29)
          (  13,   23) (  14,   15) (  15,   13) (  15,    0) (  13,    0) (  14,    0) (  16,   29) (  15,   16) (  14,    0) (  16,    0)
          (  15,    0) (  15,   15) (  15,   13) (  14,    0) (  13,    0) (  14,   13) (  15,    0) (  12,    0) (  14,   30) (  12,   14)
          (  12,    0) (  15,   14) (  14,    0) (  13,   14) (  13,    0) (  15,   25) (  14,   12) (  14,   46) (  15,    0) (  16,   30)
          (  14,    0) (  14,   13) (  15,   32) (  12,    0) (  14,   16) (  15,   14) (  15,    0) (  14,   14) (  15,   31) (  13,   30)
          (  13,   14) (  15,    0) (  12,   15) (  13,   11) (  15,   30) (  14,   16) (  14,   26) (  16,    0) (  16,   29) (  15,   11)
          (  15,   28) (  16,   27) (  15,   16) (  14,    0) (  16,   14) (  15,   29) (  14,   12) (  10,    0) (  14,   14) (  16,   14)
          (  15,   14) (  16,   26) (  15,   43) (  15,   47) (  13,   14) (  16,   15) (  15,   14) (  14,    0) (  13,   13) (  14,    0)
          (  16,   16) (  15,   15) (  12,    0) (  16,   27) (  16,    0) (  15,   13) (  14,    0) (  15,   11) (  16,   30) (  15,   14)
          (  12,   15) (  14,   15) (  14,   28) (  14,   13) (  16,   14) (  16,    0) (  16,    0) (  14,    0) (  14,    0) (  14,   14)
          (  15,   44) (  14,   30) (  14,   12) (  14,   28) (  14,    0) (  15,   15) (  15,   29) (  15,   27) (  13,   15) (  15,   29)
          (  16,   28) (  16,    0) (  16,    0) (  16,   32) (  16,   16) (  16,   48) (  16,   16) (  16,   16) (  16,   32) (  16,    0)
          (  16,   32) (  16,   32) (  16,    0) (  16,   16) (  16,    0) (  16,   48) (  16,   16) (  16,   16) (  16,    0) (  16,   16)
          (  16,    0) (  16,   16) (  16,   16) (  16,    0) (  16,    0) (  16,    0) (  16,    0) (  16,    0) (  16,   16) (  16,   32)
          (  16,   16) (  16,    0) (  16,   16) (  16,   16) (  16,   16) (  16,    0) (  16,   16) (  16,   32) (  16,   16) (  16,   16)
          (  16,   16) (  16,    0) (  16,    0) (  16,    0) (  16,   32) (  16,   16) (  16,   32) (  16,    0) (  16,    0) (  16,   16)
          (  16,   32) (  16,    0) (  16,    0) (  16,    0) (  16,   16) (  16,    0) (  16,   16) (  16,   16) (  16,    0) (  16,   16)
          (  16,   16) (  16,   16) (  16,    0) (  16,   16) (  16,   16) (  16,    0) (  16,    0) (  16,   16) (  16,   16) (  16,   16)
          (  16,   16) (  16,   32) (  16,    0) (  16,   16) (  16,   16) (  16,   16) (  16,   32) (  16,   16) (  16,   32) (  16,   16)
          (  16,    0) (  16,   16) (  16,    0) (  16,    0) (  16,   16) (  16,   32) (  16,   16) (  16,   16) (  16,   32) (  16,    0)
          (  16,   32) (  16,   32) (  16,    0) (  16,   16) (  16,   16) (  16,    0) (  16,    0) (  16,    0) (  16,   32) (  16,   32)
          (  16,   16) (  16,   16) (  16,    0) (  16,    0) (  16,    0) (  16,   16) (  16,   32) (  16,   32) (  16,   32) (  16,   48)
          (  16,   32) (  16,    0) (  16,   16) (  16,    0) (  16,   32) (  16,   48) (  16,   16) (  16,   16) (  16,   16) (  16,   16)
          (  16,   16) (  16,   32) (  16,    0) (  16,    0) (  16,    0) (  16,   32) (  16,   16) (  16,   16) (  16,   32) (  16,    0)
          (  16,   32) (  16,   32) (  16,    0) (  16,   32) (  16,    0) (  16,    0) (  16,    0) (  16,    0) (  16,    0) (  16,   16)
          (  16,   16) (  16,    0) (  16,   16) (  16,    0) (  16,   16) (  16,   32) (  16,   32) (  16,   32) (  16,    0) (  16,   16)
          (  16,   16) (  16,    0) (  16,   32) (  16,   32) (  16,   32) (  16,   32) (  16,   16) (  16,   48) (  16,   16) (  16,    0)
          (  16,   48) (  16,    0) (  16,   48) (  16,    0) (  16,   32) (  16,   16) (  16,   32) (  16,   16) (  16,    0) (  16,   16)
          (  16,   32) (  16,   16) (  16,   32) (  16,    0) (  16,   16) (  16,    0) (  16,    0) (  16,   16) (  16,   48) (  16,   16)
          (  16,    0) (  16,    0) (  16,    0) (  16,    0) (  16,    0) (  16,   32) (  16,   16) (  16,    0) (  16,    0) (  16,   32)
          (  16,    0) (  16,   16) (  16,   16) (  16,    0) (  16,    0) (  16,   32) (  16,   32) (  16,    0) (  16,   16) (  16,    0)
         
node   8 sent_total   7728  recv_total   7430

node   9  (   0,    0) (   0,    0) (   1,    0) (   0,    0) (  18,   20) (  18,    0) (  18,    0) (  18,    0) (  18,   36) (  18,   36)
          (  18,   36) (  18,   36) (  18,    0) (  18,   36) (  18,   54) (  18,   72) (  18,   54) (  18,   18) (  18,    0) (  18,   90)
          (  18,    0) (  18,   36) (  18,    0) (  18,    0) (  18,    0) (  18,   18) (  18,    0) (  18,    0) (  18,    0) (  18,    0)
          (  18,   36) (  18,    0) (  18,   18) (  18,   36) (  18,   54) (  18,   36) (  18,    0) (  18,   54) (  18,    0) (  18,   54)
          (  18,   54) (  18,   18) (  18,    0) (  18,   18) (  18,    0) (  18,    0) (  18,   36) (  18,   18) (  18,    0) (  18,   18)
          (  18,   54) (  14,   18) (  14,   30) (  17,   36) (  15,   85) (  18,   30) (  16,   18) (  18,   31) (  18,   16) (  17,   17)
          (  17,    0) (  18,   17) (  17,    0) (  18,   16) (  18,   29) (  16,   31) (  18,   15) (  17,   16) (  14,   18) (  15,   47)
          (  16,    0) (  15,   17) (  17,   15) (  15,   34) (  17,   18) (  16,   16) (  16,   34) (  17,   16) (  17,   16) (  18,   30)
          (  17,   49) (  16,    0) (  17,   15) (  16,   51) (  17,    0) (  18,    0) (  16,   35) (  16,   47) (  15,   16) (  16,    0)
          (  18,    0) (  17,    0) (  16,    0) (  16,   43) (  14,    0) (  16,   16) (  16,    0) (  17,    0) (  17,   36) (  18,   34)
          (  15,   15) (  18,   15) (  17,    0) (  16,    0) (  17,   16) (  18,    0) (  16,   16) (  17,   18) (  16,   17) (  18,    0)
          (  16,    0) (  18,   34) (  17,   35) (  17,   16) (  18,   16) (  12,   17) (  16,   18) (  16,   33) (  14,    0) (  16,    0)
          (  15,   17) (  15,    0) (  16,   12) (  15,   33) (  14,   31) (  16,   31) (  18,   13) (  16,   13) (  16,   14) (  13,    0)
          (  15,    0) (  13,    0) (  16,   13) (  14,   15) (  15,    0) (  14,    0) (  13,   14) (  16,    0) (  13,    0) (  15,   13)
          (  11,   10) (  13,   29) (  13,   15) (  14,    0) (  14,    0) (  13,   16) (  12,   28) (  16,   15) (  14,   12) (  13,   28)
          (  16,   12) (  15,   16) (  16,   15) (  16,   13) (  16,    0) (  14,    0) (  15,   15) (  14,   15) (  15,    0) (  15,    0)
          (  14,   16) (  14,    0) (  15,   28) (  13,   28) (  16,   13) (  16,   15) (  14,   41) (  15,   28) (  16,    0) (  12,   13)
          (  15,    9) (  14,    0) (  14,   31) (  16,    0) (  13,   16) (  16,    0) (  14,   15) (  15,    0) (  15,   15) (  15,   14)
          (  13,    0) (  16,   16) (  15,    0) (  15,    0) (  14,   29) (  14,   31) (  15,   14) (  15,    0) (  16,    0) (  15,   12)
          (  14,   27) (  13,   16) (  14,   45) (  15,   14) (  11,   42) (  14,    0) (  15,    0) (  16,   16) (  12,   15) (  13,    0)
          (  15,   16) (  14,   27) (  15,    0) (  16,    0) (  14,   29) (  15,    0) (  10,   12) (  15,   25) (  14,   12) (  13,   31)
          (  15,    0) (  16,    0) (  14,   15) (  15,    0) (  13,   43) (  15,    0) (  16,   12) (  16,    0) (  15,   12) (  15,    0)
          (  16,   12) (  12,   30) (  14,   15) (  14,   15) (  14,   26) (  15,    0) (  15,   28) (  15,   46) (  14,    0) (  13,    0)
          (  13,    0) (  16,   16) (  14,   14) (  14,   14) (  14,   41) (  16,   29) (  14,   16) (  11,   13) (  14,   13) (  15,   15)
          (  14,   43) (  16,    0) (  15,    0) (  16,   16) (  15,    0) (  13,    0) (  14,   15) (  15,    0) (  14,   13) (  13,    0)
          (  16,   14) (  15,    0) (  14,   43) (  15,    0) (  16,   28) (  16,   15) (  16,   15) (  15,   14) (  13,   13) (  12,    0)
          (  15,   12) (  15,   31) (  16,   16) (  15,   14) (  16,   16) (  16,    0) (  15,   14) (  13,   14) (  15,    0) (  16,   14)
          (  13,    0) (  15,   15) (  13,   30) (  13,    0) (  14,   12) (  16,   16) (  13,   31) (  13,   12) (  15,    0) (  14,   14)
          (  13,   14) (  16,   45) (  14,   16) (  14,    0) (  16,   45) (  13,   27) (  13,   31) (  15,   15) (  14,    0) (  16,    0)
          (  15,   14) (  13,   15) (  15,   43) (  16,   12) (  13,   13) (  14,    0) (  15,    0) (  13,   13) (  14,   28) (  15,   14)
          (  15,   13) (  16,    0) (  16,    0) (  16,   16) (  16,   16) (  16,   32) (  16,   16) (  16,    0) (  16,   16) (  16,   48)
          (  16,   32) (  16,   32) (  16,   32) (  16,    0) (  16,   16) (  16,   16) (  16,   16) (  16,    0) (  16,   16) (  16,   16)
          (  16,   16) (  16,    0) (  16,   32) (  16,   32) (  16,   16) (  16,   16) (  16,    0) (  16,    0) (  16,    0) (  16,    0)
          (  16,    0) (  16,   16) (  16,    0) (  16,   16) (  16,   16) (  16,   32) (  16,   32) (  16,    0) (  16,   16) (  16,   16)
          (  16,   32) (  16,   16) (  16,    0) (  16,   16) (  16,   16) (  16,   48) (  16,    0) (  16,    0) (  16,   48) (  16,   32)
          (  16,   16) (  16,   32) (  16,   16) (  16,    0) (  16,   16) (  16,   16) (  16,   16) (  16,   16) (  16,    0) (  16,    0)
          (  16,   32) (  16,   32) (  16,    0) (  16,    0) (  16,    0) (  16,   64) (  16,   16) (  16,    0) (  16,   48) (  16,   16)
          (  16,   32) (  16,   16) (  16,   16) (  16,   32) (  16,   48) (  16,   16) (  16,    0) (  16,   16) (  16,   16) (  16,   32)
          (  16,   16) (  16,   48) (  16,   16) (  16,    0) (  16,   16) (  16,   32) (  16,   16) (  16,   16) (  16,   32) (  16,   48)
          (  16,   16) (  16,    0) (  16,   16) (  16,   16) (  16,   16) (  16,   16) (  16,    0) (  16,    0) (  16,   16) (  16,    0)
          (  16,   32) (  16,   32) (  16,    0) (  16,    0) (  16,   16) (  16,   16) (  16,   16) (  16,   16) (  16,    0) (  16,   16)
          (  16,   16) (  16,   16) (  16,   48) (  16,   32) (  16,   16) (  16,    0) (  16,   16) (  16,    0) (  16,   16) (  16,   48)
          (  16,    0) (  16,   16) (  16,   16) (  16,    0) (  16,   16) (  16,   16) (  16,    0) (  16,   16) (  16,   16) (  16,   48)
          (  16,   16) (  16,    0) (  16,   32) (  16,    0) (  16,   48) (  16,   32) (  16,   16) (  16,   16) (  16,    0) (  16,    0)
          (  16,    0) (  16,   16) (  16,   32) (  16,    0) (  16,   48) (  16,    0) (  16,   16) (  16,   16) (  16,   16) (  16,   48)
          (  16,   16) (  16,   48) (  16,   32) (  16,    0) (  16,   16) (  16,    0) (  16,   16) (  16,    0) (  16,    0) (  16,   16)
          (  16,    0) (  16,   48) (  16,   16) (  16,   16) (  16,   16) (  16,   16) (  16,   16) (  16,   32) (  16,   32) (  16,   16)
          (  16,   16) (  16,    0) (  16,   48) (  16,   16) (  16,   32) (  16,   32) (  16,   16) (  16,   16) (  16,   16) (  16,    0)
          (  16,   16) (  16,   16) (  16,   32) (  16,   32) (  16,   16) (  16,    0) (  16,    0) (  16,    0) (  16,   16) (  16,   48)
          (  16,   32) (  16,    0) (  16,   16) (  16,   32) (  16,    0) (  16,   16) (  16,   16) (  16,   32) (  16,   16) (  16,   16)
         
node   9 sent_total   7787  recv_total   8186

node  10  (   0,    0) (   0,    0) (   1,    0) (   0,    0) (  16,   18) (  16,    0) (  16,    0) (  16,    0) (  16,    0) (  18,   34)
          (  18,   36) (  18,   36) (  18,   36) (  18,   18) (  18,   54) (  18,   36) (  18,    0) (  18,    0) (  18,   36) (  18,   18)
          (  18,   36) (  18,   18) (  18,    0) (  18,   36) (  18,    0) (  18,   36) (  18,   18) (  18,    0) (  18,   18) (  18,   18)
          (  18,   18) (  18,    0) (  18,    0) (  18,    0) (  18,   18) (  18,    0) (  18,    0) (  18,    0) (  18,   18) (  18,   18)
          (  18,   36) (  18,   18) (  18,    0) (  18,   36) (  18,   36) (  18,    0) (  18,   18) (  18,   18) (  18,   18) (  18,   18)
          (  18,   18) (  17,    0) (  18,   17) (  16,    0) (  17,    0) (  18,    0) (  16,   17) (  15,   17) (  17,    0) (  14,   35)
          (  16,    0) (  17,   17) (  17,    0) (  17,   28) (  14,   17) (  17,    0) (  18,   51) (  16,   16) (  15,   49) (  14,    0)
          (  17,    0) (  15,   18) (  17,    0) (  15,    0) (  15,   32) (  17,    0) (  15,   14) (  16,    0) (  16,   34) (  16,    0)
          (  17,    0) (  15,    0) (  18,    0) (  14,    0) (  17,    0) (  17,   17) (  16,   17) (  16,    0) (  17,   31) (  17,   17)
          (  14,    0) (  17,   47) (  17,   17) (  17,    0) (  14,   17) (  17,   17) (  15,   34) (  18,    0) (  18,   17) (  13,   18)
          (  17,   16) (  17,    0) (  11,   34) (  18,    0) (  16,   17) (  16,   33) (  16,   17) (  17,   16) (  18,    0) (  17,   34)
          (  15,    0) (  18,   18) (  14,   50) (  17,   17) (  18,   17) (  16,    0) (  15,   27) (  14,   16) (  18,   16) (  17,   31)
          (  18,   17) (  16,    0) (  18,   34) (  15,    0) (  16,    0) (  16,   15) (  16,    0) (  15,   28) (  14,   13) (  14,   73)
          (  15,   43) (  13,   26) (  13,   44) (  11,    0) (  15,   11) (  13,   14) (  13,    0) (  16,   13) (  14,   31) (  11,   14)
          (  12,   13) (  14,   41) (  16,    0) (  14,    0) (  14,    0) (  13,   27) (  14,   30) (  14,   44) (  14,    0) (  14,    0)
          (  14,    0) (  13,   14) (  14,   26) (  14,   29) (  13,   14) (  15,   14) (  16,   15) (  14,   30) (  14,    0) (  15,   14)
          (  14,    0) (  16,   29) (  14,   32) (  13,    0) (  14,    0) (  16,   13) (  14,   13) (  13,   16) (  14,    0) (  15,    0)
          (  14,   29) (  15,   15) (  15,   16) (  16,   15) (  13,   28) (  15,   40) (  13,    0) (  15,   43) (  14,    0) (  14,    0)
          (  14,   12) (  13,    0) (  13,   26) (  13,   15) (  16,   14) (  15,   44) (  16,    0) (  15,   44) (  13,   15) (  13,   27)
          (  16,   27) (  16,    0) (  16,   13) (  15,   12) (  15,    0) (  16,   11) (  14,   14) (  16,    0) (  16,    0) (  15,   12)
          (  15,   16) (  15,    0) (  12,   15) (  12,   46) (  13,    0) (  15,    0) (  13,   14) (  14,   43) (  16,    0) (  15,   30)
          (  14,    0) (  15,    0) (  13,   16) (  14,   45) (  12,    0) (  15,   13) (  14,   15) (  15,   30) (  15,   16) (  14,    0)
          (  15,   14) (  14,   14) (  16,   30) (  15,   30) (  16,   13) (  12,   14) (  13,    0) (  13,   13) (  15,   32) (  14,    0)
          (  15,   46) (  15,   15) (  14,    0) (  15,   29) (  12,    0) (  14,   13) (  11,    0) (  15,   11) (  15,   13) (  16,   16)
          (  13,    0) (  15,   27) (  14,    0) (  16,   29) (  15,    0) (  13,   43) (  14,   12) (  16,   14) (  16,   15) (  14,   46)
          (  13,    0) (  15,    0) (  13,    0) (  14,    0) (  14,    0) (  16,    0) (  15,   32) (  15,   14) (  14,    0) (  14,   39)
          (  16,   12) (  13,   30) (  16,   32) (  16,   14) (  15,   27) (  16,   16) (  15,   16) (  15,   15) (  14,   14) (  15,   13)
          (  15,   26) (  15,   44) (  14,   30) (  15,   25) (  13,   15) (  15,   29) (  16,   27) (  15,   30) (  14,   43) (  12,    0)
          (  16,   14) (  14,   16) (  16,    0) (  15,   28) (  16,   16) (  14,   11) (  15,   14) (  15,   29) (  14,   29) (  15,   13)
          (  15,    0) (  14,    0) (  13,   28) (  15,    0) (  14,    0) (  14,    0) (  13,    0) (  15,   15) (  14,    0) (  13,    0)
          (  13,    0) (  16,   46) (  16,   16) (  16,    0) (  16,    0) (  16,    0) (  16,   16) (  16,    0) (  16,    0) (  16,    0)
          (  16,    0) (  16,    0) (  16,   16) (  16,   48) (  16,   48) (  16,   16) (  16,   16) (  16,   16) (  16,   16) (  16,   16)
          (  16,   16) (  16,   16) (  16,   48) (  16,   32) (  16,    0) (  16,   16) (  16,   16) (  16,   32) (  16,    0) (  16,   16)
          (  16,    0) (  16,   16) (  16,    0) (  16,    0) (  16,   32) (  16,   16) (  16,   16) (  16,   32) (  16,   16) (  16,   16)
          (  16,   32) (  16,    0) (  16,   32) (  16,    0) (  16,    0) (  16,   16) (  16,   16) (  16,   16) (  16,   16) (  16,    0)
          (  16,   16) (  16,    0) (  16,    0) (  16,   16) (  16,    0) (  16,   16) (  16,    0) (  16,   32) (  16,   16) (  16,   16)
          (  16,   16) (  16,   32) (  16,   48) (  16,   48) (  16,   32) (  16,   16) (  16,    0) (  16,   16) (  16,   32) (  16,   16)
          (  16,   16) (  16,    0) (  16,    0) (  16,   16) (  16,   32) (  16,   16) (  16,   32) (  16,   16) (  16,   16) (  16,    0)
          (  16,   16) (  16,    0) (  16,   16) (  16,   48) (  16,   32) (  16,    0) (  16,   16) (  16,   16) (  16,   16) (  16,    0)
          (  16,    0) (  16,    0) (  16,   16) (  16,    0) (  16,   16) (  16,   32) (  16,   16) (  16,   48) (  16,    0) (  16,   16)
          (  16,   32) (  16,    0) (  16,   16) (  16,    0) (  16,   16) (  16,    0) (  16,    0) (  16,   32) (  16,   16) (  16,   48)
          (  16,   16) (  16,   48) (  16,   16) (  16,    0) (  16,   48) (  16,   16) (  16,    0) (  16,    0) (  16,    0) (  16,    0)
          (  16,   32) (  16,   16) (  16,    0) (  16,   16) (  16,   64) (  16,    0) (  16,   16) (  16,    0) (  16,   16) (  16,   16)
          (  16,    0) (  16,   32) (  16,    0) (  16,   32) (  16,   16) (  16,    0) (  16,   32) (  16,   48) (  16,   16) (  16,   16)
          (  16,   48) (  16,   16) (  16,   16) (  16,   32) (  16,    0) (  16,   16) (  16,   32) (  16,   16) (  16,   16) (  16,    0)
          (  16,   32) (  16,   32) (  16,    0) (  16,   32) (  16,   16) (  16,   16) (  16,   16) (  16,   32) (  16,   16) (  16,   16)
          (  16,   16) (  16,    0) (  16,   16) (  16,   48) (  16,   16) (  16,   16) (  16,   48) (  16,   32) (  16,   16) (  16,   16)
          (  16,    0) (  16,   16) (  16,    0) (  16,    0) (  16,    0) (  16,   32) (  16,   16) (  16,   16) (  16,    0) (  16,   32)
          (  16,   16) (  16,    0) (  16,    0) (  16,   48) (  16,   16) (  16,   16) (  16,   64) (  16,   32) (  16,    0) (  16,    0)
          (  16,   16) (  16,   48) (  16,   32) (  16,    0) (  16,    0) (  16,    0) (  16,   16) (  16,    0) (  16,   32) (  16,    0)
         
node  10 sent_total   7747  recv_total   7860

